<?xml version="1.0" encoding="UTF-8"?>
<testng-results skipped="0" failed="1" ignored="14" total="19" passed="4">
  <reporter-output>
  </reporter-output>
  <suite name="include and exclude suite" duration-ms="37694" started-at="2019-09-10T03:18:01Z" finished-at="2019-09-10T03:18:38Z">
    <groups>
      <group name="cancel">
        <method signature="TestExecution.adminLogin()[pri:0, instance:banking.primusbank.BasicExecution@15975490]" name="adminLogin" class="banking.primusbank.TestExecution"/>
        <method signature="TestExecution.logout()[pri:20, instance:banking.primusbank.BasicExecution@15975490]" name="logout" class="banking.primusbank.TestExecution"/>
      </group> <!-- cancel -->
      <group name="create_valid">
        <method signature="TestExecution.adminLogin()[pri:0, instance:banking.primusbank.BasicExecution@15975490]" name="adminLogin" class="banking.primusbank.TestExecution"/>
        <method signature="TestExecution.logout()[pri:20, instance:banking.primusbank.BasicExecution@15975490]" name="logout" class="banking.primusbank.TestExecution"/>
      </group> <!-- create_valid -->
      <group name="role">
        <method signature="TestExecution.adminLogin()[pri:0, instance:banking.primusbank.BasicExecution@15975490]" name="adminLogin" class="banking.primusbank.TestExecution"/>
        <method signature="TestExecution.logout()[pri:20, instance:banking.primusbank.BasicExecution@15975490]" name="logout" class="banking.primusbank.TestExecution"/>
        <method signature="TestExecution.roleCreationReset()[pri:4, instance:banking.primusbank.BasicExecution@15975490]" name="roleCreationReset" class="banking.primusbank.TestExecution"/>
      </group> <!-- role -->
      <group name="blank">
        <method signature="TestExecution.adminLogin()[pri:0, instance:banking.primusbank.BasicExecution@15975490]" name="adminLogin" class="banking.primusbank.TestExecution"/>
        <method signature="TestExecution.logout()[pri:20, instance:banking.primusbank.BasicExecution@15975490]" name="logout" class="banking.primusbank.TestExecution"/>
      </group> <!-- blank -->
      <group name="roleDP">
        <method signature="TestExecution.adminLogin()[pri:0, instance:banking.primusbank.BasicExecution@15975490]" name="adminLogin" class="banking.primusbank.TestExecution"/>
        <method signature="TestExecution.logout()[pri:20, instance:banking.primusbank.BasicExecution@15975490]" name="logout" class="banking.primusbank.TestExecution"/>
      </group> <!-- roleDP -->
      <group name="create">
        <method signature="TestExecution.adminLogin()[pri:0, instance:banking.primusbank.BasicExecution@15975490]" name="adminLogin" class="banking.primusbank.TestExecution"/>
        <method signature="TestExecution.logout()[pri:20, instance:banking.primusbank.BasicExecution@15975490]" name="logout" class="banking.primusbank.TestExecution"/>
      </group> <!-- create -->
      <group name="reset">
        <method signature="TestExecution.adminLogin()[pri:0, instance:banking.primusbank.BasicExecution@15975490]" name="adminLogin" class="banking.primusbank.TestExecution"/>
        <method signature="TestExecution.branchCreationReset()[pri:9, instance:banking.primusbank.BasicExecution@15975490]" name="branchCreationReset" class="banking.primusbank.TestExecution"/>
        <method signature="TestExecution.employeeCreationWithReset()[pri:14, instance:banking.primusbank.BasicExecution@15975490]" name="employeeCreationWithReset" class="banking.primusbank.TestExecution"/>
        <method signature="TestExecution.logout()[pri:20, instance:banking.primusbank.BasicExecution@15975490]" name="logout" class="banking.primusbank.TestExecution"/>
        <method signature="TestExecution.roleCreationReset()[pri:4, instance:banking.primusbank.BasicExecution@15975490]" name="roleCreationReset" class="banking.primusbank.TestExecution"/>
      </group> <!-- reset -->
      <group name="employeeDP">
        <method signature="TestExecution.adminLogin()[pri:0, instance:banking.primusbank.BasicExecution@15975490]" name="adminLogin" class="banking.primusbank.TestExecution"/>
        <method signature="TestExecution.logout()[pri:20, instance:banking.primusbank.BasicExecution@15975490]" name="logout" class="banking.primusbank.TestExecution"/>
      </group> <!-- employeeDP -->
      <group name="employee">
        <method signature="TestExecution.adminLogin()[pri:0, instance:banking.primusbank.BasicExecution@15975490]" name="adminLogin" class="banking.primusbank.TestExecution"/>
        <method signature="TestExecution.employeeCreationWithReset()[pri:14, instance:banking.primusbank.BasicExecution@15975490]" name="employeeCreationWithReset" class="banking.primusbank.TestExecution"/>
        <method signature="TestExecution.logout()[pri:20, instance:banking.primusbank.BasicExecution@15975490]" name="logout" class="banking.primusbank.TestExecution"/>
      </group> <!-- employee -->
      <group name="branch">
        <method signature="TestExecution.adminLogin()[pri:0, instance:banking.primusbank.BasicExecution@15975490]" name="adminLogin" class="banking.primusbank.TestExecution"/>
        <method signature="TestExecution.branchCreationReset()[pri:9, instance:banking.primusbank.BasicExecution@15975490]" name="branchCreationReset" class="banking.primusbank.TestExecution"/>
        <method signature="TestExecution.logout()[pri:20, instance:banking.primusbank.BasicExecution@15975490]" name="logout" class="banking.primusbank.TestExecution"/>
      </group> <!-- branch -->
    </groups>
    <test name="include and exclude test" duration-ms="37694" started-at="2019-09-10T03:18:01Z" finished-at="2019-09-10T03:18:38Z">
      <class name="banking.primusbank.BasicExecution">
        <test-method status="PASS" signature="browserLaunch()[pri:0, instance:banking.primusbank.BasicExecution@15975490]" name="browserLaunch" is-config="true" duration-ms="14577" started-at="2019-09-10T03:18:01Z" finished-at="2019-09-10T03:18:15Z">
          <reporter-output>
          </reporter-output>
        </test-method> <!-- browserLaunch -->
        <test-method status="PASS" signature="adminLogin()[pri:0, instance:banking.primusbank.BasicExecution@15975490]" name="adminLogin" duration-ms="1341" started-at="2019-09-10T03:18:15Z" finished-at="2019-09-10T03:18:17Z">
          <reporter-output>
          </reporter-output>
        </test-method> <!-- adminLogin -->
        <test-method status="PASS" signature="roleCreationReset()[pri:4, instance:banking.primusbank.BasicExecution@15975490]" name="roleCreationReset" duration-ms="1558" started-at="2019-09-10T03:18:17Z" finished-at="2019-09-10T03:18:18Z">
          <reporter-output>
          </reporter-output>
        </test-method> <!-- roleCreationReset -->
        <test-method status="PASS" signature="branchCreationReset()[pri:9, instance:banking.primusbank.BasicExecution@15975490]" name="branchCreationReset" duration-ms="2350" started-at="2019-09-10T03:18:18Z" finished-at="2019-09-10T03:18:21Z">
          <reporter-output>
          </reporter-output>
        </test-method> <!-- branchCreationReset -->
        <test-method status="FAIL" signature="employeeCreationWithReset()[pri:14, instance:banking.primusbank.BasicExecution@15975490]" name="employeeCreationWithReset" duration-ms="17175" started-at="2019-09-10T03:18:21Z" finished-at="2019-09-10T03:18:38Z">
          <exception class="org.openqa.selenium.NoSuchElementException">
            <message>
              <![CDATA[Cannot locate element with text: manager
For documentation on this error, please visit: https://www.seleniumhq.org/exceptions/no_such_element.html
Build info: version: '3.141.59', revision: 'e82be7d358', time: '2018-11-14T08:17:03'
System info: host: 'SURYAPC', ip: '10.0.75.1', os.name: 'Windows 10', os.arch: 'amd64', os.version: '10.0', java.version: '1.8.0_201'
Driver info: driver.version: unknown]]>
            </message>
            <full-stacktrace>
              <![CDATA[org.openqa.selenium.NoSuchElementException: Cannot locate element with text: manager
For documentation on this error, please visit: https://www.seleniumhq.org/exceptions/no_such_element.html
Build info: version: '3.141.59', revision: 'e82be7d358', time: '2018-11-14T08:17:03'
System info: host: 'SURYAPC', ip: '10.0.75.1', os.name: 'Windows 10', os.arch: 'amd64', os.version: '10.0', java.version: '1.8.0_201'
Driver info: driver.version: unknown
at org.openqa.selenium.support.ui.Select.selectByVisibleText(Select.java:147)
at banking.primusbank.EmployeeCreationPage.selectRole(EmployeeCreationPage.java:63)
at banking.primusbank.TestExecution.employeeCreationWithReset(TestExecution.java:204)
at sun.reflect.NativeMethodAccessorImpl.invoke0(Native Method)
at sun.reflect.NativeMethodAccessorImpl.invoke(Unknown Source)
at sun.reflect.DelegatingMethodAccessorImpl.invoke(Unknown Source)
at java.lang.reflect.Method.invoke(Unknown Source)
at org.testng.internal.MethodInvocationHelper.invokeMethod(MethodInvocationHelper.java:124)
at org.testng.internal.Invoker.invokeMethod(Invoker.java:583)
at org.testng.internal.Invoker.invokeTestMethod(Invoker.java:719)
at org.testng.internal.Invoker.invokeTestMethods(Invoker.java:989)
at org.testng.internal.TestMethodWorker.invokeTestMethods(TestMethodWorker.java:125)
at org.testng.internal.TestMethodWorker.run(TestMethodWorker.java:109)
at org.testng.TestRunner.privateRun(TestRunner.java:648)
at org.testng.TestRunner.run(TestRunner.java:505)
at org.testng.SuiteRunner.runTest(SuiteRunner.java:455)
at org.testng.SuiteRunner.runSequentially(SuiteRunner.java:450)
at org.testng.SuiteRunner.privateRun(SuiteRunner.java:415)
at org.testng.SuiteRunner.run(SuiteRunner.java:364)
at org.testng.SuiteRunnerWorker.runSuite(SuiteRunnerWorker.java:52)
at org.testng.SuiteRunnerWorker.run(SuiteRunnerWorker.java:84)
at org.testng.TestNG.runSuitesSequentially(TestNG.java:1208)
at org.testng.TestNG.runSuitesLocally(TestNG.java:1137)
at org.testng.TestNG.runSuites(TestNG.java:1049)
at org.testng.TestNG.run(TestNG.java:1017)
at org.apache.maven.surefire.testng.TestNGExecutor.run(TestNGExecutor.java:283)
at org.apache.maven.surefire.testng.TestNGXmlTestSuite.execute(TestNGXmlTestSuite.java:75)
at org.apache.maven.surefire.testng.TestNGProvider.invoke(TestNGProvider.java:120)
at org.apache.maven.surefire.booter.ForkedBooter.invokeProviderInSameClassLoader(ForkedBooter.java:384)
at org.apache.maven.surefire.booter.ForkedBooter.runSuitesInProcess(ForkedBooter.java:345)
at org.apache.maven.surefire.booter.ForkedBooter.execute(ForkedBooter.java:126)
at org.apache.maven.surefire.booter.ForkedBooter.main(ForkedBooter.java:418)
]]>
            </full-stacktrace>
          </exception> <!-- org.openqa.selenium.NoSuchElementException -->
          <reporter-output>
          </reporter-output>
        </test-method> <!-- employeeCreationWithReset -->
        <test-method status="PASS" signature="logout()[pri:20, instance:banking.primusbank.BasicExecution@15975490]" name="logout" duration-ms="395" started-at="2019-09-10T03:18:38Z" finished-at="2019-09-10T03:18:38Z">
          <reporter-output>
          </reporter-output>
        </test-method> <!-- logout -->
        <test-method status="PASS" signature="browserClose()[pri:0, instance:banking.primusbank.BasicExecution@15975490]" name="browserClose" is-config="true" duration-ms="184" started-at="2019-09-10T03:18:38Z" finished-at="2019-09-10T03:18:38Z">
          <reporter-output>
          </reporter-output>
        </test-method> <!-- browserClose -->
      </class> <!-- banking.primusbank.BasicExecution -->
    </test> <!-- include and exclude test -->
  </suite> <!-- include and exclude suite -->
</testng-results>
